{"message":"/getAccountsByUserId","level":"info"}
{"message":"/getTransactions","level":"info"}
{"message":"getAccountsByUserId.successful","level":"info"}
{"message":"getTransactionsByUserId.successful","level":"info"}
{"message":"/getAccountNameById/99","level":"info"}
{"message":"getAccountNameById.successful","level":"info"}
{"message":"/signin","level":"info"}
{"message":"signin.request.successful","level":"info"}
{"message":"/getAccountsByUserId","level":"info"}
{"message":"getAccountsByUserId.successful","level":"info"}
{"message":"/getTransactions","level":"info"}
{"message":"getTransactionsByUserId.successful","level":"info"}
{"message":"/getAccountNameById/99","level":"info"}
{"message":"getAccountNameById.successful","level":"info"}
{"message":"/getAccountsByUserId","level":"info"}
{"message":"/getTransactions","level":"info"}
{"message":"getAccountsByUserId.successful","level":"info"}
{"message":"getTransactionsByUserId.successful","level":"info"}
{"message":"/getAccountNameById/99","level":"info"}
{"message":"getAccountNameById.successful","level":"info"}
{"message":"/getAccountsByUserId","level":"info"}
{"message":"/getTransactions","level":"info"}
{"message":"getAccountsByUserId.successful","level":"info"}
{"message":"getTransactionsByUserId.successful","level":"info"}
{"message":"/getAccountNameById/99","level":"info"}
{"message":"getAccountNameById.successful","level":"info"}
{"message":"/getAccountsByUserId","level":"info"}
{"message":"/getTransactions","level":"info"}
{"message":"getAccountsByUserId.successful","level":"info"}
{"message":"getTransactionsByUserId.successful","level":"info"}
{"message":"/getAccountNameById/99","level":"info"}
{"message":"getAccountNameById.successful","level":"info"}
{"message":"/getAccountsByUserId","level":"info"}
{"message":"/getTransactions","level":"info"}
{"message":"getAccountsByUserId.successful","level":"info"}
{"message":"getTransactionsByUserId.successful","level":"info"}
{"message":"/getAccountNameById/99","level":"info"}
{"message":"getAccountNameById.successful","level":"info"}
{"message":"/getAccountsByUserId","level":"info"}
{"message":"/getTransactions","level":"info"}
{"message":"getAccountsByUserId.successful","level":"info"}
{"message":"getTransactionsByUserId.successful","level":"info"}
{"message":"/getAccountNameById/99","level":"info"}
{"message":"getAccountNameById.successful","level":"info"}
{"message":"/getAccountsByUserId","level":"info"}
{"message":"getAccountsByUserId.successful","level":"info"}
{"message":"/getTransactions","level":"info"}
{"message":"getTransactionsByUserId.successful","level":"info"}
{"message":"/getAccountNameById/99","level":"info"}
{"message":"getAccountNameById.successful","level":"info"}
{"message":"/getAccountsByUserId","level":"info"}
{"message":"getAccountsByUserId.successful","level":"info"}
{"message":"/getTransactions","level":"info"}
{"message":"getTransactionsByUserId.successful","level":"info"}
{"message":"/getAccountNameById/99","level":"info"}
{"message":"getAccountNameById.successful","level":"info"}
{"message":"/getAccountsByUserId","level":"info"}
{"message":"/getTransactions","level":"info"}
{"message":"getAccountsByUserId.successful","level":"info"}
{"message":"getTransactionsByUserId.successful","level":"info"}
{"message":"/getAccountNameById/99","level":"info"}
{"message":"getAccountNameById.successful","level":"info"}
{"message":"/getAccountsByUserId","level":"info"}
{"message":"getAccountsByUserId.successful","level":"info"}
{"message":"/getAccountNameById/99","level":"info"}
{"message":"getAccountNameById.successful","level":"info"}
{"message":"/getAccountsByUserId","level":"info"}
{"message":"/getTransactions","level":"info"}
{"message":"getAccountsByUserId.successful","level":"info"}
{"message":"getTransactionsByUserId.successful","level":"info"}
{"message":"/getTransactionById/284","level":"info"}
{"message":"getTransactionById.successful","level":"info"}
{"message":"/getAccountNameById/99","level":"info"}
{"message":"getAccountNameById.successful","level":"info"}
{"message":"/getAccountsByUserId","level":"info"}
{"message":"getAccountsByUserId.successful","level":"info"}
{"message":"/getAccountNameById/99","level":"info"}
{"message":"getAccountNameById.successful","level":"info"}
{"message":"/getAccountsByUserId","level":"info"}
{"message":"/getTransactions","level":"info"}
{"message":"getAccountsByUserId.successful","level":"info"}
{"message":"getTransactionsByUserId.successful","level":"info"}
{"message":"/getTransactionsByAccountName/SBI","level":"info"}
{"message":"/getAccountBalance/SBI","level":"info"}
{"message":"getAccountBalance.successful","level":"info"}
{"message":"getTransactionsByAccountName.successful","level":"info"}
{"message":"/getTransactionById/284","level":"info"}
{"message":"getTransactionById.successful","level":"info"}
{"message":"/getAccountNameById/99","level":"info"}
{"message":"getAccountNameById.successful","level":"info"}
{"message":"/getAccountsByUserId","level":"info"}
{"message":"getAccountsByUserId.successful","level":"info"}
{"message":"/getTransactionsByAccountName/SBI","level":"info"}
{"message":"getTransactionsByAccountName.successful","level":"info"}
{"message":"/getAccountBalance/SBI","level":"info"}
{"message":"getAccountBalance.successful","level":"info"}
{"message":"/getAccountsByUserId","level":"info"}
{"message":"getAccountsByUserId.successful","level":"info"}
{"message":"/getTransactionsByAccountName/SBI","level":"info"}
{"message":"/getAccountBalance/SBI","level":"info"}
{"message":"getAccountBalance.successful","level":"info"}
{"message":"getTransactionsByAccountName.successful","level":"info"}
{"message":"/getAccountNameById/99","level":"info"}
{"message":"getAccountNameById.successful","level":"info"}
{"message":"/getAccountsByUserId","level":"info"}
{"message":"/getTransactions","level":"info"}
{"message":"getAccountsByUserId.successful","level":"info"}
{"message":"getTransactionsByUserId.successful","level":"info"}
{"message":"/getAccountsByUserId","level":"info"}
{"message":"/getTransactions","level":"info"}
{"message":"getAccountsByUserId.successful","level":"info"}
{"message":"getTransactionsByUserId.successful","level":"info"}
{"message":"/getAccountNameById/99","level":"info"}
{"message":"getAccountNameById.successful","level":"info"}
{"message":"/getAccountsByUserId","level":"info"}
{"message":"/getTransactions","level":"info"}
{"message":"getAccountsByUserId.successful","level":"info"}
{"message":"getTransactionsByUserId.successful","level":"info"}
{"message":"/getAccountNameById/99","level":"info"}
{"message":"getAccountNameById.successful","level":"info"}
{"message":"/getAccountsByUserId","level":"info"}
{"message":"/getTransactions","level":"info"}
{"message":"getAccountsByUserId.successful","level":"info"}
{"message":"getTransactionsByUserId.successful","level":"info"}
{"message":"/getAccountNameById/99","level":"info"}
{"message":"getAccountNameById.successful","level":"info"}
{"message":"/getAccountsByUserId","level":"info"}
{"message":"getAccountsByUserId.successful","level":"info"}
{"message":"/getTransactions","level":"info"}
{"message":"getTransactionsByUserId.successful","level":"info"}
{"message":"/getAccountNameById/99","level":"info"}
{"message":"getAccountNameById.successful","level":"info"}
{"message":"/getAccountsByUserId","level":"info"}
{"message":"getAccountsByUserId.successful","level":"info"}
{"message":"/getTransactions","level":"info"}
{"message":"getTransactionsByUserId.successful","level":"info"}
{"message":"/getAccountNameById/99","level":"info"}
{"message":"getAccountNameById.successful","level":"info"}
{"message":"/getAccountsByUserId","level":"info"}
{"message":"/getTransactions","level":"info"}
{"message":"getAccountsByUserId.successful","level":"info"}
{"message":"getTransactionsByUserId.successful","level":"info"}
{"message":"/getAccountNameById/99","level":"info"}
{"message":"getAccountNameById.successful","level":"info"}
{"message":"/getAccountsByUserId","level":"info"}
{"message":"/getTransactions","level":"info"}
{"message":"getAccountsByUserId.successful","level":"info"}
{"message":"getTransactionsByUserId.successful","level":"info"}
{"message":"/getAccountNameById/99","level":"info"}
{"message":"getAccountNameById.successful","level":"info"}
{"message":"/addAccount","level":"info"}
{"message":"addAccount.successful","level":"info"}
{"message":"/getAccountNameById/99","level":"info"}
{"message":"/getAccountsByUserId","level":"info"}
{"message":"/getTransactions","level":"info"}
{"message":"getAccountNameById.successful","level":"info"}
{"message":"getAccountsByUserId.successful","level":"info"}
{"message":"getTransactionsByUserId.successful","level":"info"}
{"message":"/getAccountsByUserId","level":"info"}
{"message":"getAccountsByUserId.successful","level":"info"}
{"message":"/addTransaction","level":"info"}
{"message":"addTransaction.successful","level":"info"}
{"message":"/getAccountNameById/99","level":"info"}
{"message":"getAccountNameById.successful","level":"info"}
{"message":"/getAccountsByUserId","level":"info"}
{"message":"getAccountsByUserId.successful","level":"info"}
{"message":"/getTransactions","level":"info"}
{"message":"getTransactionsByUserId.successful","level":"info"}
{"message":"/getAccountNameById/99","level":"info"}
{"message":"getAccountNameById.successful","level":"info"}
{"message":"/getTransactionById/284","level":"info"}
{"message":"getTransactionById.successful","level":"info"}
{"message":"/getAccountNameById/99","level":"info"}
{"message":"getAccountNameById.successful","level":"info"}
{"message":"/getAccountsByUserId","level":"info"}
{"message":"getAccountsByUserId.successful","level":"info"}
{"message":"/editTransaction","level":"info"}
{"message":"editTransaction.successful","level":"info"}
{"message":"/getAccountNameById/99","level":"info"}
{"message":"getAccountNameById.successful","level":"info"}
{"message":"/getAccountsByUserId","level":"info"}
{"message":"getAccountsByUserId.successful","level":"info"}
{"message":"/getAccountNameById/99","level":"info"}
{"message":"/getTransactions","level":"info"}
{"message":"getAccountNameById.successful","level":"info"}
{"message":"getTransactionsByUserId.successful","level":"info"}
{"message":"/getTransactionsByAccountName/SBI","level":"info"}
{"message":"/getAccountBalance/SBI","level":"info"}
{"message":"getAccountBalance.successful","level":"info"}
{"message":"getTransactionsByAccountName.successful","level":"info"}
{"message":"/getAccountsByUserId","level":"info"}
{"message":"getAccountsByUserId.successful","level":"info"}
{"message":"/addTransaction","level":"info"}
{"message":"addTransaction.successful","level":"info"}
{"message":"/getAccountNameById/99","level":"info"}
{"message":"getAccountNameById.successful","level":"info"}
{"message":"/getAccountNameById/99","level":"info"}
{"message":"/getAccountsByUserId","level":"info"}
{"message":"/getTransactions","level":"info"}
{"message":"/getTransactionsByAccountName/SBI","level":"info"}
{"message":"/getAccountBalance/SBI","level":"info"}
{"message":"getAccountNameById.successful","level":"info"}
{"message":"getAccountsByUserId.successful","level":"info"}
{"message":"getTransactionsByUserId.successful","level":"info"}
{"message":"getAccountBalance.successful","level":"info"}
{"message":"getTransactionsByAccountName.successful","level":"info"}
{"message":"/getTransactionById/284","level":"info"}
{"message":"getTransactionById.successful","level":"info"}
{"message":"/getAccountNameById/99","level":"info"}
{"message":"getAccountNameById.successful","level":"info"}
{"message":"/getAccountsByUserId","level":"info"}
{"message":"getAccountsByUserId.successful","level":"info"}
{"message":"/editTransaction","level":"info"}
{"message":"editTransaction.successful","level":"info"}
{"message":"/getAccountNameById/99","level":"info"}
{"message":"getAccountNameById.successful","level":"info"}
{"message":"/getAccountNameById/99","level":"info"}
{"message":"/getAccountsByUserId","level":"info"}
{"message":"getAccountNameById.successful","level":"info"}
{"message":"/getTransactions","level":"info"}
{"message":"/getTransactionsByAccountName/SBI","level":"info"}
{"message":"/getAccountNameById/99","level":"info"}
{"message":"/getAccountBalance/SBI","level":"info"}
{"message":"getAccountsByUserId.successful","level":"info"}
{"message":"getTransactionsByUserId.successful","level":"info"}
{"message":"getAccountNameById.successful","level":"info"}
{"message":"getAccountBalance.successful","level":"info"}
{"message":"getTransactionsByAccountName.successful","level":"info"}
{"message":"/deleteTransaction/286","level":"info"}
{"message":"deleteTransaction.successful","level":"info"}
{"message":"/getTransactionsByAccountName/SBI","level":"info"}
{"message":"/getAccountBalance/SBI","level":"info"}
{"message":"getAccountBalance.successful","level":"info"}
{"message":"getTransactionsByAccountName.successful","level":"info"}
{"message":"/deleteTransaction/287","level":"info"}
{"message":"deleteTransaction.successful","level":"info"}
{"message":"/getTransactionsByAccountName/SBI","level":"info"}
{"message":"/getAccountBalance/SBI","level":"info"}
{"message":"getAccountBalance.successful","level":"info"}
{"message":"getTransactionsByAccountName.successful","level":"info"}
{"message":"/getAccountNameById/99","level":"info"}
{"message":"getAccountNameById.successful","level":"info"}
{"message":"/getAccountNameById/99","level":"info"}
{"message":"/getAccountsByUserId","level":"info"}
{"message":"/getTransactions","level":"info"}
{"message":"getAccountNameById.successful","level":"info"}
{"message":"getAccountsByUserId.successful","level":"info"}
{"message":"getTransactionsByUserId.successful","level":"info"}
{"message":"/getAccountNameById/99","level":"info"}
{"message":"getAccountNameById.successful","level":"info"}
{"message":"/deleteTransaction/284","level":"info"}
{"message":"deleteTransaction.successful","level":"info"}
{"message":"/getAccountsByUserId","level":"info"}
{"message":"getAccountsByUserId.successful","level":"info"}
{"message":"/getTransactions","level":"info"}
{"message":"getTransactionsByUserId.successful","level":"info"}
{"message":"/addAccount","level":"info"}
{"message":"addAccount.failed.as.accountName.already.exist","level":"error"}
{"message":"/addAccount","level":"info"}
{"message":"addAccount.failed.as.accountName.already.exist","level":"error"}
{"message":"/addAccount","level":"info"}
{"message":"addAccount.failed.as.accountName.already.exist","level":"error"}
{"message":"/addTransaction","level":"info"}
{"message":"addTransaction.successful","level":"info"}
{"message":"/addTransaction","level":"info"}
{"message":"/addTransaction","level":"error"}
{"message":"TypeError","level":"error"}
{"message":"/deleteTransaction/265","level":"info"}
{"message":"/deleteTransaction/265","level":"error"}
{"message":"TypeError","level":"error"}
{"message":"/deleteTransaction/undefined","level":"info"}
{"message":"/deleteTransaction/undefined","level":"error"}
{"message":"SequelizeDatabaseError","level":"error"}
{"message":"/editTransaction","level":"info"}
{"message":"/editTransaction","level":"error"}
{"message":"TypeError","level":"error"}
{"message":"/editTransaction","level":"info"}
{"message":"/editTransaction","level":"error"}
{"message":"Error","level":"error"}
{"message":"/getAccountBalance/SBI","level":"info"}
{"message":"/getAccountBalance/SBI","level":"error"}
{"message":"TypeError","level":"error"}
{"message":"/getAccountNameById/96","level":"info"}
{"message":"getAccountNameById.successful","level":"info"}
{"message":"/getAccountNameById/1","level":"info"}
{"message":"/getAccountNameById/1","level":"error"}
{"message":"TypeError","level":"error"}
{"message":"/getAccountsByUserId","level":"info"}
{"message":"/getAccountsByUserId","level":"error"}
{"message":"TypeError","level":"error"}
{"message":"/getTransactionById/2","level":"info"}
{"message":"getTransactionById.successful","level":"info"}
{"message":"/getTransactionById/undefined","level":"info"}
{"message":"/getTransactionById/undefined","level":"error"}
{"message":"SequelizeDatabaseError","level":"error"}
{"message":"/signin","level":"info"}
{"message":"/signin","level":"error"}
{"message":"signin.request.failed.as.username.or.password.incorrect","level":"error"}
{"message":"/signin","level":"info"}
{"message":"/signin","level":"error"}
{"message":"signin.request.failed.as.username.or.password.incorrect","level":"error"}
{"message":"/signin","level":"info"}
{"message":"/signin","level":"error"}
{"message":"Error","level":"error"}
{"message":"/signup","level":"info"}
{"message":"signup.request.failed.as.user.already.exist","level":"error"}
{"message":"/signup","level":"info"}
{"message":"signup.request.failed.as.user.already.exist","level":"error"}
{"message":"\"userName\" must be a valid email","level":"error"}
{"message":"/addAccount","level":"info"}
{"message":"addAccount.failed.as.accountName.already.exist","level":"error"}
{"message":"/addAccount","level":"info"}
{"message":"addAccount.failed.as.accountName.already.exist","level":"error"}
{"message":"/addAccount","level":"info"}
{"message":"addAccount.failed.as.accountName.already.exist","level":"error"}
{"message":"/addTransaction","level":"info"}
{"message":"addTransaction.successful","level":"info"}
{"message":"/addTransaction","level":"info"}
{"message":"/addTransaction","level":"error"}
{"message":"TypeError","level":"error"}
{"message":"/deleteTransaction/265","level":"info"}
{"message":"/deleteTransaction/265","level":"error"}
{"message":"TypeError","level":"error"}
{"message":"/deleteTransaction/undefined","level":"info"}
{"message":"/deleteTransaction/undefined","level":"error"}
{"message":"SequelizeDatabaseError","level":"error"}
{"message":"/editTransaction","level":"info"}
{"message":"/editTransaction","level":"error"}
{"message":"TypeError","level":"error"}
{"message":"/editTransaction","level":"info"}
{"message":"/editTransaction","level":"error"}
{"message":"Error","level":"error"}
{"message":"/getAccountBalance/SBI","level":"info"}
{"message":"/getAccountBalance/SBI","level":"error"}
{"message":"TypeError","level":"error"}
{"message":"/getAccountNameById/96","level":"info"}
{"message":"getAccountNameById.successful","level":"info"}
{"message":"/getAccountNameById/1","level":"info"}
{"message":"/getAccountNameById/1","level":"error"}
{"message":"TypeError","level":"error"}
{"message":"/getAccountsByUserId","level":"info"}
{"message":"/getAccountsByUserId","level":"error"}
{"message":"TypeError","level":"error"}
{"message":"/getTransactionById/2","level":"info"}
{"message":"getTransactionById.successful","level":"info"}
{"message":"/getTransactionById/undefined","level":"info"}
{"message":"/getTransactionById/undefined","level":"error"}
{"message":"SequelizeDatabaseError","level":"error"}
{"message":"/signin","level":"info"}
{"message":"/signin","level":"error"}
{"message":"signin.request.failed.as.username.or.password.incorrect","level":"error"}
{"message":"/signin","level":"info"}
{"message":"/signin","level":"error"}
{"message":"signin.request.failed.as.username.or.password.incorrect","level":"error"}
{"message":"/signin","level":"info"}
{"message":"/signin","level":"error"}
{"message":"Error","level":"error"}
{"message":"/signup","level":"info"}
{"message":"signup.request.failed.as.user.already.exist","level":"error"}
{"message":"/signup","level":"info"}
{"message":"signup.request.failed.as.user.already.exist","level":"error"}
{"message":"\"userName\" must be a valid email","level":"error"}
{"message":"/addAccount","level":"info"}
{"message":"addAccount.failed.as.accountName.already.exist","level":"error"}
{"message":"/addAccount","level":"info"}
{"message":"addAccount.failed.as.accountName.already.exist","level":"error"}
{"message":"/addAccount","level":"info"}
{"message":"addAccount.failed.as.accountName.already.exist","level":"error"}
{"message":"/addTransaction","level":"info"}
{"message":"addTransaction.successful","level":"info"}
{"message":"/addTransaction","level":"info"}
{"message":"/addTransaction","level":"error"}
{"message":"TypeError","level":"error"}
{"message":"/deleteTransaction/265","level":"info"}
{"message":"/deleteTransaction/265","level":"error"}
{"message":"TypeError","level":"error"}
{"message":"/deleteTransaction/undefined","level":"info"}
{"message":"/deleteTransaction/undefined","level":"error"}
{"message":"SequelizeDatabaseError","level":"error"}
{"message":"/editTransaction","level":"info"}
{"message":"/editTransaction","level":"error"}
{"message":"TypeError","level":"error"}
{"message":"/editTransaction","level":"info"}
{"message":"/editTransaction","level":"error"}
{"message":"Error","level":"error"}
{"message":"/getAccountBalance/SBI","level":"info"}
{"message":"/getAccountBalance/SBI","level":"error"}
{"message":"TypeError","level":"error"}
{"message":"/getAccountNameById/96","level":"info"}
{"message":"getAccountNameById.successful","level":"info"}
{"message":"/getAccountNameById/1","level":"info"}
{"message":"/getAccountNameById/1","level":"error"}
{"message":"TypeError","level":"error"}
{"message":"/getAccountsByUserId","level":"info"}
{"message":"/getAccountsByUserId","level":"error"}
{"message":"TypeError","level":"error"}
{"message":"/getTransactionById/2","level":"info"}
{"message":"getTransactionById.successful","level":"info"}
{"message":"/getTransactionById/undefined","level":"info"}
{"message":"/getTransactionById/undefined","level":"error"}
{"message":"SequelizeDatabaseError","level":"error"}
{"message":"/signin","level":"info"}
{"message":"/signin","level":"error"}
{"message":"signin.request.failed.as.username.or.password.incorrect","level":"error"}
{"message":"/signin","level":"info"}
{"message":"/signin","level":"error"}
{"message":"signin.request.failed.as.username.or.password.incorrect","level":"error"}
{"message":"/signin","level":"info"}
{"message":"/signin","level":"error"}
{"message":"Error","level":"error"}
{"message":"/signup","level":"info"}
{"message":"signup.request.failed.as.user.already.exist","level":"error"}
{"message":"/signup","level":"info"}
{"message":"signup.request.failed.as.user.already.exist","level":"error"}
{"message":"\"userName\" must be a valid email","level":"error"}
{"message":"/signin","level":"info"}
{"message":"signin.request.successful","level":"info"}
{"message":"/getAccountsByUserId","level":"info"}
{"message":"/getTransactions","level":"info"}
{"message":"getAccountsByUserId.successful","level":"info"}
{"message":"getTransactionsByUserId.successful","level":"info"}
{"message":"/getAccountNameById/81","level":"info"}
{"message":"/getAccountNameById/75","level":"info"}
{"message":"/getAccountNameById/72","level":"info"}
{"message":"/getAccountNameById/76","level":"info"}
{"message":"/getAccountNameById/71","level":"info"}
{"message":"getAccountNameById.successful","level":"info"}
{"message":"getAccountNameById.successful","level":"info"}
{"message":"getAccountNameById.successful","level":"info"}
{"message":"getAccountNameById.successful","level":"info"}
{"message":"/getAccountNameById/72","level":"info"}
{"message":"getAccountNameById.successful","level":"info"}
{"message":"getAccountNameById.successful","level":"info"}
{"message":"/getAccountNameById/72","level":"info"}
{"message":"getAccountNameById.successful","level":"info"}
{"message":"/getAccountsByUserId","level":"info"}
{"message":"/getTransactions","level":"info"}
{"message":"getAccountsByUserId.successful","level":"info"}
{"message":"getTransactionsByUserId.successful","level":"info"}
{"message":"/getAccountNameById/81","level":"info"}
{"message":"/getAccountNameById/75","level":"info"}
{"message":"/getAccountNameById/72","level":"info"}
{"message":"/getAccountNameById/76","level":"info"}
{"message":"/getAccountNameById/71","level":"info"}
{"message":"getAccountNameById.successful","level":"info"}
{"message":"getAccountNameById.successful","level":"info"}
{"message":"getAccountNameById.successful","level":"info"}
{"message":"getAccountNameById.successful","level":"info"}
{"message":"/getAccountNameById/72","level":"info"}
{"message":"getAccountNameById.successful","level":"info"}
{"message":"getAccountNameById.successful","level":"info"}
{"message":"/getAccountNameById/72","level":"info"}
{"message":"getAccountNameById.successful","level":"info"}
{"message":"/getAccountsByUserId","level":"info"}
{"message":"/getTransactions","level":"info"}
{"message":"getAccountsByUserId.successful","level":"info"}
{"message":"getTransactionsByUserId.successful","level":"info"}
{"message":"/getAccountNameById/81","level":"info"}
{"message":"/getAccountNameById/75","level":"info"}
{"message":"/getAccountNameById/72","level":"info"}
{"message":"/getAccountNameById/76","level":"info"}
{"message":"/getAccountNameById/71","level":"info"}
{"message":"getAccountNameById.successful","level":"info"}
{"message":"getAccountNameById.successful","level":"info"}
{"message":"getAccountNameById.successful","level":"info"}
{"message":"getAccountNameById.successful","level":"info"}
{"message":"getAccountNameById.successful","level":"info"}
{"message":"/getAccountNameById/72","level":"info"}
{"message":"getAccountNameById.successful","level":"info"}
{"message":"/getAccountNameById/72","level":"info"}
{"message":"getAccountNameById.successful","level":"info"}
{"message":"/getAccountsByUserId","level":"info"}
{"message":"/getTransactions","level":"info"}
{"message":"getAccountsByUserId.successful","level":"info"}
{"message":"getTransactionsByUserId.successful","level":"info"}
{"message":"/getAccountNameById/81","level":"info"}
{"message":"/getAccountNameById/75","level":"info"}
{"message":"/getAccountNameById/72","level":"info"}
{"message":"/getAccountNameById/76","level":"info"}
{"message":"/getAccountNameById/71","level":"info"}
{"message":"getAccountNameById.successful","level":"info"}
{"message":"getAccountNameById.successful","level":"info"}
{"message":"getAccountNameById.successful","level":"info"}
{"message":"getAccountNameById.successful","level":"info"}
{"message":"/getAccountNameById/72","level":"info"}
{"message":"getAccountNameById.successful","level":"info"}
{"message":"getAccountNameById.successful","level":"info"}
{"message":"/getAccountNameById/72","level":"info"}
{"message":"getAccountNameById.successful","level":"info"}
{"message":"/getAccountsByUserId","level":"info"}
{"message":"/getTransactions","level":"info"}
{"message":"getAccountsByUserId.successful","level":"info"}
{"message":"getTransactionsByUserId.successful","level":"info"}
{"message":"/getAccountNameById/81","level":"info"}
{"message":"/getAccountNameById/75","level":"info"}
{"message":"/getAccountNameById/72","level":"info"}
{"message":"/getAccountNameById/76","level":"info"}
{"message":"/getAccountNameById/71","level":"info"}
{"message":"getAccountNameById.successful","level":"info"}
{"message":"getAccountNameById.successful","level":"info"}
{"message":"getAccountNameById.successful","level":"info"}
{"message":"getAccountNameById.successful","level":"info"}
{"message":"/getAccountNameById/72","level":"info"}
{"message":"getAccountNameById.successful","level":"info"}
{"message":"getAccountNameById.successful","level":"info"}
{"message":"/getAccountNameById/72","level":"info"}
{"message":"getAccountNameById.successful","level":"info"}
{"message":"/getAccountsByUserId","level":"info"}
{"message":"/getTransactions","level":"info"}
{"message":"getAccountsByUserId.successful","level":"info"}
{"message":"getTransactionsByUserId.successful","level":"info"}
{"message":"/getAccountNameById/81","level":"info"}
{"message":"/getAccountNameById/75","level":"info"}
{"message":"/getAccountNameById/72","level":"info"}
{"message":"/getAccountNameById/76","level":"info"}
{"message":"/getAccountNameById/71","level":"info"}
{"message":"getAccountNameById.successful","level":"info"}
{"message":"getAccountNameById.successful","level":"info"}
{"message":"getAccountNameById.successful","level":"info"}
{"message":"getAccountNameById.successful","level":"info"}
{"message":"getAccountNameById.successful","level":"info"}
{"message":"/getAccountNameById/72","level":"info"}
{"message":"getAccountNameById.successful","level":"info"}
{"message":"/getAccountNameById/72","level":"info"}
{"message":"getAccountNameById.successful","level":"info"}
{"message":"/signin","level":"info"}
{"message":"signin.request.successful","level":"info"}
{"message":"/getAccountsByUserId","level":"info"}
{"message":"getAccountsByUserId.successful","level":"info"}
{"message":"/getTransactions","level":"info"}
{"message":"getTransactionsByUserId.successful","level":"info"}
{"message":"/addAccount","level":"info"}
{"message":"addAccount.failed.as.accountName.already.exist","level":"error"}
{"message":"/addAccount","level":"info"}
{"message":"addAccount.failed.as.accountName.already.exist","level":"error"}
{"message":"/addAccount","level":"info"}
{"message":"addAccount.failed.as.accountName.already.exist","level":"error"}
{"message":"/addTransaction","level":"info"}
{"message":"addTransaction.successful","level":"info"}
{"message":"/addTransaction","level":"info"}
{"message":"/addTransaction","level":"error"}
{"message":"TypeError","level":"error"}
{"message":"/deleteTransaction/265","level":"info"}
{"message":"/deleteTransaction/265","level":"error"}
{"message":"TypeError","level":"error"}
{"message":"/deleteTransaction/undefined","level":"info"}
{"message":"/deleteTransaction/undefined","level":"error"}
{"message":"SequelizeDatabaseError","level":"error"}
{"message":"/editTransaction","level":"info"}
{"message":"/editTransaction","level":"error"}
{"message":"TypeError","level":"error"}
{"message":"/editTransaction","level":"info"}
{"message":"/editTransaction","level":"error"}
{"message":"Error","level":"error"}
{"message":"/getAccountBalance/SBI","level":"info"}
{"message":"/getAccountBalance/SBI","level":"error"}
{"message":"TypeError","level":"error"}
{"message":"/getAccountNameById/96","level":"info"}
{"message":"getAccountNameById.successful","level":"info"}
{"message":"/getAccountNameById/1","level":"info"}
{"message":"/getAccountNameById/1","level":"error"}
{"message":"TypeError","level":"error"}
{"message":"/getAccountsByUserId","level":"info"}
{"message":"/getAccountsByUserId","level":"error"}
{"message":"TypeError","level":"error"}
{"message":"/getTransactionById/2","level":"info"}
{"message":"getTransactionById.successful","level":"info"}
{"message":"/getTransactionById/undefined","level":"info"}
{"message":"/getTransactionById/undefined","level":"error"}
{"message":"SequelizeDatabaseError","level":"error"}
{"message":"/signin","level":"info"}
{"message":"/signin","level":"error"}
{"message":"signin.request.failed.as.username.or.password.incorrect","level":"error"}
{"message":"/signin","level":"info"}
{"message":"/signin","level":"error"}
{"message":"signin.request.failed.as.username.or.password.incorrect","level":"error"}
{"message":"/signin","level":"info"}
{"message":"/signin","level":"error"}
{"message":"Error","level":"error"}
{"message":"/signup","level":"info"}
{"message":"signup.request.failed.as.user.already.exist","level":"error"}
{"message":"/signup","level":"info"}
{"message":"signup.request.failed.as.user.already.exist","level":"error"}
{"message":"\"userName\" must be a valid email","level":"error"}
{"message":"/addAccount","level":"info"}
{"message":"addAccount.failed.as.accountName.already.exist","level":"error"}
{"message":"/addAccount","level":"info"}
{"message":"addAccount.failed.as.accountName.already.exist","level":"error"}
{"message":"/addAccount","level":"info"}
{"message":"addAccount.failed.as.accountName.already.exist","level":"error"}
{"message":"/addTransaction","level":"info"}
{"message":"addTransaction.successful","level":"info"}
{"message":"/addTransaction","level":"info"}
{"message":"/addTransaction","level":"error"}
{"message":"TypeError","level":"error"}
{"message":"/deleteTransaction/265","level":"info"}
{"message":"/deleteTransaction/265","level":"error"}
{"message":"TypeError","level":"error"}
{"message":"/deleteTransaction/undefined","level":"info"}
{"message":"/deleteTransaction/undefined","level":"error"}
{"message":"SequelizeDatabaseError","level":"error"}
{"message":"/editTransaction","level":"info"}
{"message":"/editTransaction","level":"error"}
{"message":"TypeError","level":"error"}
{"message":"/editTransaction","level":"info"}
{"message":"/editTransaction","level":"error"}
{"message":"Error","level":"error"}
{"message":"/getAccountBalance/SBI","level":"info"}
{"message":"/getAccountBalance/SBI","level":"error"}
{"message":"TypeError","level":"error"}
{"message":"/getAccountNameById/96","level":"info"}
{"message":"getAccountNameById.successful","level":"info"}
{"message":"/getAccountNameById/1","level":"info"}
{"message":"/getAccountNameById/1","level":"error"}
{"message":"TypeError","level":"error"}
{"message":"/getAccountsByUserId","level":"info"}
{"message":"getAccountsByUserId.successful","level":"info"}
{"message":"/getTransactionById/2","level":"info"}
{"message":"getTransactionById.successful","level":"info"}
{"message":"/getTransactionById/undefined","level":"info"}
{"message":"/getTransactionById/undefined","level":"error"}
{"message":"SequelizeDatabaseError","level":"error"}
{"message":"/signin","level":"info"}
{"message":"/signin","level":"error"}
{"message":"signin.request.failed.as.username.or.password.incorrect","level":"error"}
{"message":"/signin","level":"info"}
{"message":"/signin","level":"error"}
{"message":"signin.request.failed.as.username.or.password.incorrect","level":"error"}
{"message":"/signin","level":"info"}
{"message":"/signin","level":"error"}
{"message":"Error","level":"error"}
{"message":"/signup","level":"info"}
{"message":"signup.request.failed.as.user.already.exist","level":"error"}
{"message":"/signup","level":"info"}
{"message":"signup.request.failed.as.user.already.exist","level":"error"}
{"message":"\"userName\" must be a valid email","level":"error"}
{"message":"/addAccount","level":"info"}
{"message":"addAccount.failed.as.accountName.already.exist","level":"error"}
{"message":"/addAccount","level":"info"}
{"message":"addAccount.failed.as.accountName.already.exist","level":"error"}
{"message":"/addAccount","level":"info"}
{"message":"addAccount.failed.as.accountName.already.exist","level":"error"}
{"message":"/addTransaction","level":"info"}
{"message":"addTransaction.successful","level":"info"}
{"message":"/addTransaction","level":"info"}
{"message":"/addTransaction","level":"error"}
{"message":"TypeError","level":"error"}
{"message":"/deleteTransaction/265","level":"info"}
{"message":"/deleteTransaction/265","level":"error"}
{"message":"TypeError","level":"error"}
{"message":"/deleteTransaction/undefined","level":"info"}
{"message":"/deleteTransaction/undefined","level":"error"}
{"message":"SequelizeDatabaseError","level":"error"}
{"message":"/editTransaction","level":"info"}
{"message":"/editTransaction","level":"error"}
{"message":"TypeError","level":"error"}
{"message":"/editTransaction","level":"info"}
{"message":"/editTransaction","level":"error"}
{"message":"Error","level":"error"}
{"message":"/getAccountBalance/SBI","level":"info"}
{"message":"getAccountBalance.successful","level":"info"}
{"message":"/getAccountBalance/undefined","level":"info"}
{"message":"/getAccountBalance/undefined","level":"error"}
{"message":"TypeError","level":"error"}
{"message":"/getAccountNameById/96","level":"info"}
{"message":"getAccountNameById.successful","level":"info"}
{"message":"/getAccountNameById/1","level":"info"}
{"message":"/getAccountNameById/1","level":"error"}
{"message":"TypeError","level":"error"}
{"message":"/getAccountsByUserId","level":"info"}
{"message":"getAccountsByUserId.successful","level":"info"}
{"message":"/getTransactionById/2","level":"info"}
{"message":"getTransactionById.successful","level":"info"}
{"message":"/getTransactionById/undefined","level":"info"}
{"message":"/getTransactionById/undefined","level":"error"}
{"message":"SequelizeDatabaseError","level":"error"}
{"message":"/getTransactions","level":"info"}
{"message":"getTransactionsByUserId.successful","level":"info"}
{"message":"/getTransactionsByAccountName/SBI","level":"info"}
{"message":"getTransactionsByAccountName.successful","level":"info"}
{"message":"/getTransactionsByAccountName/BI","level":"info"}
{"message":"/getTransactionsByAccountName/BI","level":"error"}
{"message":"TypeError","level":"error"}
{"message":"/signin","level":"info"}
{"message":"/signin","level":"error"}
{"message":"signin.request.failed.as.username.or.password.incorrect","level":"error"}
{"message":"/signin","level":"info"}
{"message":"/signin","level":"error"}
{"message":"signin.request.failed.as.username.or.password.incorrect","level":"error"}
{"message":"/signin","level":"info"}
{"message":"/signin","level":"error"}
{"message":"Error","level":"error"}
{"message":"/signup","level":"info"}
{"message":"signup.request.failed.as.user.already.exist","level":"error"}
{"message":"/signup","level":"info"}
{"message":"signup.request.failed.as.user.already.exist","level":"error"}
{"message":"\"userName\" must be a valid email","level":"error"}
