{"message":"addAccount.failed.as.accountName.already.exist","level":"warn"}
{"message":"addAccount.failed.as.accountName.already.exist","level":"warn"}
{"message":"/signin","level":"error"}
{"message":"signin.request.failed.as.username.or.password.incorrect","level":"error"}
{"message":"/getAccountNameById/33/81","level":"error"}
{"message":"TypeError","level":"error"}
{"message":"/getAccountNameById/33/75","level":"error"}
{"message":"TypeError","level":"error"}
{"message":"/getAccountNameById/33/72","level":"error"}
{"message":"TypeError","level":"error"}
{"message":"/getAccountNameById/33/76","level":"error"}
{"message":"TypeError","level":"error"}
{"message":"/getAccountNameById/33/72","level":"error"}
{"message":"TypeError","level":"error"}
{"message":"/getAccountNameById/33/72","level":"error"}
{"message":"TypeError","level":"error"}
{"message":"addAccount.failed.as.accountName.already.exist","level":"warn"}
{"message":"\"accountBalance\" must be a number","level":"error"}
{"message":"/signin","level":"error"}
{"message":"TypeError","level":"error"}
{"message":"/signin","level":"error"}
{"message":"signin.request.failed.as.username.or.password.incorrect","level":"error"}
{"message":"/signin","level":"error"}
{"message":"TypeError","level":"error"}
{"message":"/signin","level":"error"}
{"message":"TypeError","level":"error"}
{"message":"/signin","level":"error"}
{"message":"TypeError","level":"error"}
{"message":"/signin","level":"error"}
{"message":"signin.request.failed.as.username.or.password.incorrect","level":"error"}
{"message":"/signin","level":"error"}
{"message":"signin.request.failed.as.username.or.password.incorrect","level":"error"}
{"message":"/signin","level":"error"}
{"message":"signin.request.failed.as.username.or.password.incorrect","level":"error"}
{"message":"/signin","level":"error"}
{"message":"signin.request.failed.as.username.or.password.incorrect","level":"error"}
{"message":"/signin","level":"error"}
{"message":"signin.request.failed.as.username.or.password.incorrect","level":"error"}
{"message":"/signin","level":"error"}
{"message":"signin.request.failed.as.username.or.password.incorrect","level":"error"}
{"message":"/signin","level":"error"}
{"message":"signin.request.failed.as.username.or.password.incorrect","level":"error"}
{"message":"/signin","level":"error"}
{"message":"signin.request.failed.as.username.or.password.incorrect","level":"error"}
{"message":"/signin","level":"error"}
{"message":"signin.request.failed.as.username.or.password.incorrect","level":"error"}
{"message":"/signin","level":"error"}
{"message":"signin.request.failed.as.username.or.password.incorrect","level":"error"}
{"message":"/signin","level":"error"}
{"message":"signin.request.failed.as.username.or.password.incorrect","level":"error"}
{"message":"/signin","level":"error"}
{"message":"signin.request.failed.as.username.or.password.incorrect","level":"error"}
{"message":"/getAccountNameById/35/81","level":"error"}
{"message":"TypeError","level":"error"}
{"message":"/getAccountNameById/35/75","level":"error"}
{"message":"TypeError","level":"error"}
{"message":"/getAccountNameById/35/72","level":"error"}
{"message":"TypeError","level":"error"}
{"message":"/getAccountNameById/35/71","level":"error"}
{"message":"TypeError","level":"error"}
{"message":"/getAccountNameById/35/76","level":"error"}
{"message":"TypeError","level":"error"}
{"message":"/getAccountNameById/35/72","level":"error"}
{"message":"TypeError","level":"error"}
{"message":"/getAccountNameById/35/72","level":"error"}
{"message":"TypeError","level":"error"}
{"message":"/signin","level":"error"}
{"message":"signin.request.failed.as.username.or.password.incorrect","level":"error"}
{"message":"/addAccount","level":"error"}
{"message":"SequelizeForeignKeyConstraintError","level":"error"}
{"message":"/addAccount","level":"error"}
{"message":"SequelizeForeignKeyConstraintError","level":"error"}
{"message":"\"accountName\" is required","level":"error"}
{"message":"/addTransaction","level":"error"}
{"message":"TypeError","level":"error"}
{"message":"\"accountName\" is required","level":"error"}
{"message":"/deleteTransaction/2","level":"error"}
{"message":"TypeError","level":"error"}
{"message":"/deleteTransaction/undefined","level":"error"}
{"message":"SequelizeDatabaseError","level":"error"}
{"message":"/editTransaction","level":"error"}
{"message":"TypeError","level":"error"}
{"message":"/editTransaction","level":"error"}
{"message":"Error","level":"error"}
{"message":"/getAccountBalance/1/SBI","level":"error"}
{"message":"TypeError","level":"error"}
{"message":"/getAccountBalance/1/undefined","level":"error"}
{"message":"TypeError","level":"error"}
{"message":"/getAccountNameById/1/1","level":"error"}
{"message":"TypeError","level":"error"}
{"message":"/getAccountNameById/1/undefined","level":"error"}
{"message":"SequelizeDatabaseError","level":"error"}
{"message":"/getAccountsByUserId/undefined","level":"error"}
{"message":"SequelizeDatabaseError","level":"error"}
{"message":"/getTransactionById/undefined","level":"error"}
{"message":"SequelizeDatabaseError","level":"error"}
{"message":"/getTransactions/undefined","level":"error"}
{"message":"SequelizeDatabaseError","level":"error"}
{"message":"/getTransactionsByAccountName/21/SBI","level":"error"}
{"message":"TypeError","level":"error"}
{"message":"/getTransactionsByAccountName/1/SBI","level":"error"}
{"message":"TypeError","level":"error"}
{"message":"/getTransactionsByAccountName/1/undefined","level":"error"}
{"message":"TypeError","level":"error"}
{"message":"/getTransactionsByAccountName/undefined/SBI","level":"error"}
{"message":"SequelizeDatabaseError","level":"error"}
{"message":"/signin","level":"error"}
{"message":"signin.request.failed.as.username.or.password.incorrect","level":"error"}
{"message":"/signin","level":"error"}
{"message":"signin.request.failed.as.username.or.password.incorrect","level":"error"}
{"message":"/signin","level":"error"}
{"message":"Error","level":"error"}
{"message":"signup.request.failed.as.user.already.exist","level":"error"}
{"message":"\"userName\" is required","level":"error"}
